<?xml version="1.0" encoding="UTF-8"?>
<testng-results skipped="0" failed="0" ignored="3" total="6" passed="3">
  <reporter-output>
  </reporter-output>
  <suite name="Default suite" duration-ms="24138" started-at="2019-10-19T16:35:49 EDT" finished-at="2019-10-19T16:36:13 EDT">
    <groups>
    </groups>
    <test name="Default test" duration-ms="24138" started-at="2019-10-19T16:35:49 EDT" finished-at="2019-10-19T16:36:13 EDT">
      <class name="com.crm.qa.testcases.ContactsPageTest">
        <test-method status="PASS" signature="setUp()[pri:0, instance:com.crm.qa.testcases.ContactsPageTest@63e2203c]" name="setUp" is-config="true" duration-ms="6761" started-at="2019-10-19T16:35:49 EDT" finished-at="2019-10-19T16:35:56 EDT">
          <reporter-output>
          </reporter-output>
        </test-method> <!-- setUp -->
        <test-method status="PASS" signature="validateCreateNewContact(java.lang.String, java.lang.String, java.lang.String)[pri:4, instance:com.crm.qa.testcases.ContactsPageTest@63e2203c]" name="validateCreateNewContact" duration-ms="1375" started-at="2019-10-19T16:35:56 EDT" data-provider="getCRMTestData" finished-at="2019-10-19T16:35:58 EDT">
          <params>
            <param index="0">
              <value>
                <![CDATA[Akish]]>
              </value>
            </param>
            <param index="1">
              <value>
                <![CDATA[Kadyr]]>
              </value>
            </param>
            <param index="2">
              <value>
                <![CDATA[aebishkek@gmail.com]]>
              </value>
            </param>
          </params>
          <reporter-output>
          </reporter-output>
        </test-method> <!-- validateCreateNewContact -->
        <test-method status="PASS" signature="tearDown()[pri:0, instance:com.crm.qa.testcases.ContactsPageTest@63e2203c]" name="tearDown" is-config="true" duration-ms="104" started-at="2019-10-19T16:35:58 EDT" finished-at="2019-10-19T16:35:58 EDT">
          <reporter-output>
          </reporter-output>
        </test-method> <!-- tearDown -->
        <test-method status="PASS" signature="setUp()[pri:0, instance:com.crm.qa.testcases.ContactsPageTest@63e2203c]" name="setUp" is-config="true" duration-ms="6338" started-at="2019-10-19T16:35:58 EDT" finished-at="2019-10-19T16:36:04 EDT">
          <reporter-output>
          </reporter-output>
        </test-method> <!-- setUp -->
        <test-method status="PASS" signature="validateCreateNewContact(java.lang.String, java.lang.String, java.lang.String)[pri:4, instance:com.crm.qa.testcases.ContactsPageTest@63e2203c]" name="validateCreateNewContact" duration-ms="1064" started-at="2019-10-19T16:36:04 EDT" data-provider="getCRMTestData" finished-at="2019-10-19T16:36:05 EDT">
          <params>
            <param index="0">
              <value>
                <![CDATA[Marat]]>
              </value>
            </param>
            <param index="1">
              <value>
                <![CDATA[T]]>
              </value>
            </param>
            <param index="2">
              <value>
                <![CDATA[maro9090@mail.ru]]>
              </value>
            </param>
          </params>
          <reporter-output>
          </reporter-output>
        </test-method> <!-- validateCreateNewContact -->
        <test-method status="PASS" signature="tearDown()[pri:0, instance:com.crm.qa.testcases.ContactsPageTest@63e2203c]" name="tearDown" is-config="true" duration-ms="96" started-at="2019-10-19T16:36:05 EDT" finished-at="2019-10-19T16:36:05 EDT">
          <reporter-output>
          </reporter-output>
        </test-method> <!-- tearDown -->
        <test-method status="PASS" signature="setUp()[pri:0, instance:com.crm.qa.testcases.ContactsPageTest@63e2203c]" name="setUp" is-config="true" duration-ms="6397" started-at="2019-10-19T16:36:05 EDT" finished-at="2019-10-19T16:36:12 EDT">
          <reporter-output>
          </reporter-output>
        </test-method> <!-- setUp -->
        <test-method status="PASS" signature="validateCreateNewContact(java.lang.String, java.lang.String, java.lang.String)[pri:4, instance:com.crm.qa.testcases.ContactsPageTest@63e2203c]" name="validateCreateNewContact" duration-ms="1275" started-at="2019-10-19T16:36:12 EDT" data-provider="getCRMTestData" finished-at="2019-10-19T16:36:13 EDT">
          <params>
            <param index="0">
              <value>
                <![CDATA[Ruslan]]>
              </value>
            </param>
            <param index="1">
              <value>
                <![CDATA[Ibragim]]>
              </value>
            </param>
            <param index="2">
              <value>
                <![CDATA[ruslan@mail.ru]]>
              </value>
            </param>
          </params>
          <reporter-output>
          </reporter-output>
        </test-method> <!-- validateCreateNewContact -->
        <test-method status="PASS" signature="tearDown()[pri:0, instance:com.crm.qa.testcases.ContactsPageTest@63e2203c]" name="tearDown" is-config="true" duration-ms="100" started-at="2019-10-19T16:36:13 EDT" finished-at="2019-10-19T16:36:13 EDT">
          <reporter-output>
          </reporter-output>
        </test-method> <!-- tearDown -->
      </class> <!-- com.crm.qa.testcases.ContactsPageTest -->
    </test> <!-- Default test -->
  </suite> <!-- Default suite -->
</testng-results>
